C:\Program Files (x86)\Microsoft Visual Studio\2017\Community\Common7\IDE\VC\VCTargets\Microsoft.CppBuild.targets(387,5): warning MSB8028: The intermediate directory (Debug\) contains files shared from another project (minimal.vcxproj).  This can lead to incorrect clean and rebuild behavior.
  hairSwapping.cpp
e:\dropbox (asu)\unsharedprojects\hairswapping\hairswapping\hairswapping\hairswapping.cpp(92): warning C4477: 'printf' : format string '%s' requires an argument of type 'char *', but variadic argument 1 has type 'cv::Mat_<uchar>'
e:\dropbox (asu)\unsharedprojects\hairswapping\hairswapping\hairswapping\hairswapping.cpp(115): warning C4477: 'printf' : format string '%s' requires an argument of type 'char *', but variadic argument 1 has type 'cv::Mat_<uchar>'
  SkinSynthesis.cpp
e:\dropbox (asu)\unsharedprojects\hairswapping\hairswapping\hairswapping\skinsynthesis.cpp(181): warning C4244: '=': conversion from 'double' to 'uchar', possible loss of data
e:\dropbox (asu)\unsharedprojects\hairswapping\hairswapping\hairswapping\skinsynthesis.cpp(182): warning C4244: '=': conversion from 'double' to 'uchar', possible loss of data
e:\dropbox (asu)\unsharedprojects\hairswapping\hairswapping\hairswapping\skinsynthesis.cpp(280): warning C4244: 'initializing': conversion from 'double' to 'uchar', possible loss of data
e:\dropbox (asu)\unsharedprojects\hairswapping\hairswapping\hairswapping\skinsynthesis.cpp(281): warning C4244: 'initializing': conversion from 'double' to 'uchar', possible loss of data
e:\dropbox (asu)\unsharedprojects\hairswapping\hairswapping\hairswapping\skinsynthesis.cpp(282): warning C4244: 'initializing': conversion from 'double' to 'uchar', possible loss of data
e:\dropbox (asu)\unsharedprojects\hairswapping\hairswapping\hairswapping\skinsynthesis.cpp(283): warning C4244: 'initializing': conversion from 'double' to 'uchar', possible loss of data
  HairExtraction.cpp
e:\dropbox (asu)\unsharedprojects\hairswapping\hairswapping\hairswapping\hairextraction.cpp(656): warning C4244: '=': conversion from 'double' to 'uchar', possible loss of data
e:\dropbox (asu)\unsharedprojects\hairswapping\hairswapping\hairswapping\hairextraction.cpp(657): warning C4244: '=': conversion from 'double' to 'uchar', possible loss of data
e:\dropbox (asu)\unsharedprojects\hairswapping\hairswapping\hairswapping\hairextraction.cpp(658): warning C4244: '=': conversion from 'double' to 'uchar', possible loss of data
e:\dropbox (asu)\unsharedprojects\hairswapping\hairswapping\hairswapping\hairextraction.cpp(645): warning C4101: 'currG': unreferenced local variable
e:\dropbox (asu)\unsharedprojects\hairswapping\hairswapping\hairswapping\hairextraction.cpp(645): warning C4101: 'currB': unreferenced local variable
e:\dropbox (asu)\unsharedprojects\hairswapping\hairswapping\hairswapping\hairextraction.cpp(645): warning C4101: 'currR': unreferenced local variable
e:\dropbox (asu)\unsharedprojects\hairswapping\hairswapping\hairswapping\hairextraction.cpp(672): warning C4244: '=': conversion from 'double' to 'uchar', possible loss of data
e:\dropbox (asu)\unsharedprojects\hairswapping\hairswapping\hairswapping\hairextraction.cpp(673): warning C4244: '=': conversion from 'double' to 'uchar', possible loss of data
e:\dropbox (asu)\unsharedprojects\hairswapping\hairswapping\hairswapping\hairextraction.cpp(674): warning C4244: '=': conversion from 'double' to 'uchar', possible loss of data
e:\dropbox (asu)\unsharedprojects\hairswapping\hairswapping\hairswapping\hairextraction.cpp(664): warning C4101: 'currG': unreferenced local variable
e:\dropbox (asu)\unsharedprojects\hairswapping\hairswapping\hairswapping\hairextraction.cpp(664): warning C4101: 'currB': unreferenced local variable
e:\dropbox (asu)\unsharedprojects\hairswapping\hairswapping\hairswapping\hairextraction.cpp(664): warning C4101: 'currR': unreferenced local variable
  HairEditing.cpp
e:\dropbox (asu)\unsharedprojects\hairswapping\hairswapping\hairswapping\hairediting.cpp(171): warning C4474: 'printf' : too many arguments passed for format string
  e:\dropbox (asu)\unsharedprojects\hairswapping\hairswapping\hairswapping\hairediting.cpp(171): note: placeholders and their parameters expect 0 variadic arguments, but 1 were provided
e:\dropbox (asu)\unsharedprojects\hairswapping\hairswapping\hairswapping\hairediting.cpp(218): warning C4018: '<': signed/unsigned mismatch
e:\dropbox (asu)\unsharedprojects\hairswapping\hairswapping\hairswapping\hairediting.cpp(454): warning C4244: 'argument': conversion from 'double' to 'int', possible loss of data
e:\dropbox (asu)\unsharedprojects\hairswapping\hairswapping\hairswapping\hairediting.cpp(466): warning C4244: 'argument': conversion from 'double' to 'int', possible loss of data
  FaceRecognition.cpp
e:\dropbox (asu)\unsharedprojects\hairswapping\hairswapping\hairswapping\facerecognition.cpp(56): warning C4244: '=': conversion from 'float' to 'int', possible loss of data
e:\dropbox (asu)\unsharedprojects\hairswapping\hairswapping\hairswapping\facerecognition.cpp(57): warning C4244: '=': conversion from 'float' to 'int', possible loss of data
e:\dropbox (asu)\unsharedprojects\hairswapping\hairswapping\hairswapping\facerecognition.cpp(59): warning C4244: '=': conversion from 'float' to 'int', possible loss of data
e:\dropbox (asu)\unsharedprojects\hairswapping\hairswapping\hairswapping\facerecognition.cpp(60): warning C4244: '=': conversion from 'float' to 'int', possible loss of data
e:\dropbox (asu)\unsharedprojects\hairswapping\hairswapping\hairswapping\facerecognition.cpp(63): warning C4244: 'initializing': conversion from 'float' to 'int', possible loss of data
e:\dropbox (asu)\unsharedprojects\hairswapping\hairswapping\hairswapping\facerecognition.cpp(64): warning C4244: 'initializing': conversion from 'float' to 'int', possible loss of data
e:\dropbox (asu)\unsharedprojects\hairswapping\hairswapping\hairswapping\facerecognition.cpp(65): warning C4244: 'initializing': conversion from 'const float' to 'int', possible loss of data
e:\dropbox (asu)\unsharedprojects\hairswapping\hairswapping\hairswapping\facerecognition.cpp(66): warning C4244: 'initializing': conversion from 'float' to 'int', possible loss of data
e:\dropbox (asu)\unsharedprojects\hairswapping\hairswapping\hairswapping\facerecognition.cpp(73): warning C4244: 'initializing': conversion from 'float' to 'int', possible loss of data
e:\dropbox (asu)\unsharedprojects\hairswapping\hairswapping\hairswapping\facerecognition.cpp(74): warning C4244: 'initializing': conversion from 'float' to 'int', possible loss of data
e:\dropbox (asu)\unsharedprojects\hairswapping\hairswapping\hairswapping\facerecognition.cpp(80): warning C4244: 'initializing': conversion from 'float' to 'int', possible loss of data
e:\dropbox (asu)\unsharedprojects\hairswapping\hairswapping\hairswapping\facerecognition.cpp(81): warning C4244: 'initializing': conversion from 'float' to 'int', possible loss of data
e:\dropbox (asu)\unsharedprojects\hairswapping\hairswapping\hairswapping\facerecognition.cpp(95): warning C4244: 'initializing': conversion from 'float' to 'int', possible loss of data
e:\dropbox (asu)\unsharedprojects\hairswapping\hairswapping\hairswapping\facerecognition.cpp(96): warning C4244: 'initializing': conversion from 'float' to 'int', possible loss of data
e:\dropbox (asu)\unsharedprojects\hairswapping\hairswapping\hairswapping\facerecognition.cpp(97): warning C4244: 'initializing': conversion from 'float' to 'int', possible loss of data
e:\dropbox (asu)\unsharedprojects\hairswapping\hairswapping\hairswapping\facerecognition.cpp(98): warning C4244: 'initializing': conversion from 'float' to 'int', possible loss of data
e:\dropbox (asu)\unsharedprojects\hairswapping\hairswapping\hairswapping\facerecognition.cpp(99): warning C4244: 'initializing': conversion from 'float' to 'int', possible loss of data
e:\dropbox (asu)\unsharedprojects\hairswapping\hairswapping\hairswapping\facerecognition.cpp(100): warning C4244: 'initializing': conversion from 'float' to 'int', possible loss of data
e:\dropbox (asu)\unsharedprojects\hairswapping\hairswapping\hairswapping\facerecognition.cpp(101): warning C4244: 'initializing': conversion from 'float' to 'int', possible loss of data
e:\dropbox (asu)\unsharedprojects\hairswapping\hairswapping\hairswapping\facerecognition.cpp(102): warning C4244: 'initializing': conversion from 'float' to 'int', possible loss of data
e:\dropbox (asu)\unsharedprojects\hairswapping\hairswapping\hairswapping\facerecognition.cpp(103): warning C4244: 'initializing': conversion from 'float' to 'int', possible loss of data
e:\dropbox (asu)\unsharedprojects\hairswapping\hairswapping\hairswapping\facerecognition.cpp(104): warning C4244: 'initializing': conversion from 'float' to 'int', possible loss of data
e:\dropbox (asu)\unsharedprojects\hairswapping\hairswapping\hairswapping\facerecognition.cpp(105): warning C4244: 'initializing': conversion from 'float' to 'int', possible loss of data
e:\dropbox (asu)\unsharedprojects\hairswapping\hairswapping\hairswapping\facerecognition.cpp(106): warning C4244: 'initializing': conversion from 'float' to 'int', possible loss of data
e:\dropbox (asu)\unsharedprojects\hairswapping\hairswapping\hairswapping\facerecognition.cpp(132): warning C4244: 'argument': conversion from 'float' to 'int', possible loss of data
e:\dropbox (asu)\unsharedprojects\hairswapping\hairswapping\hairswapping\facerecognition.cpp(138): warning C4244: 'initializing': conversion from 'float' to 'int', possible loss of data
e:\dropbox (asu)\unsharedprojects\hairswapping\hairswapping\hairswapping\facerecognition.cpp(139): warning C4244: 'initializing': conversion from 'float' to 'int', possible loss of data
e:\dropbox (asu)\unsharedprojects\hairswapping\hairswapping\hairswapping\facerecognition.cpp(141): warning C4244: 'initializing': conversion from 'float' to 'int', possible loss of data
e:\dropbox (asu)\unsharedprojects\hairswapping\hairswapping\hairswapping\facerecognition.cpp(142): warning C4244: 'initializing': conversion from 'float' to 'int', possible loss of data
e:\dropbox (asu)\unsharedprojects\hairswapping\hairswapping\hairswapping\facerecognition.cpp(162): warning C4244: 'initializing': conversion from 'float' to 'int', possible loss of data
e:\dropbox (asu)\unsharedprojects\hairswapping\hairswapping\hairswapping\facerecognition.cpp(163): warning C4244: 'initializing': conversion from 'float' to 'int', possible loss of data
e:\dropbox (asu)\unsharedprojects\hairswapping\hairswapping\hairswapping\facerecognition.cpp(167): warning C4244: 'initializing': conversion from 'float' to 'int', possible loss of data
e:\dropbox (asu)\unsharedprojects\hairswapping\hairswapping\hairswapping\facerecognition.cpp(168): warning C4244: 'initializing': conversion from 'float' to 'int', possible loss of data
e:\dropbox (asu)\unsharedprojects\hairswapping\hairswapping\hairswapping\facerecognition.cpp(176): warning C4244: 'initializing': conversion from 'float' to 'int', possible loss of data
e:\dropbox (asu)\unsharedprojects\hairswapping\hairswapping\hairswapping\facerecognition.cpp(177): warning C4244: 'initializing': conversion from 'float' to 'int', possible loss of data
e:\dropbox (asu)\unsharedprojects\hairswapping\hairswapping\hairswapping\facerecognition.cpp(179): warning C4244: 'initializing': conversion from 'float' to 'int', possible loss of data
e:\dropbox (asu)\unsharedprojects\hairswapping\hairswapping\hairswapping\facerecognition.cpp(180): warning C4244: 'initializing': conversion from 'float' to 'int', possible loss of data
e:\dropbox (asu)\unsharedprojects\hairswapping\hairswapping\hairswapping\facerecognition.cpp(205): warning C4244: 'initializing': conversion from 'float' to 'int', possible loss of data
e:\dropbox (asu)\unsharedprojects\hairswapping\hairswapping\hairswapping\facerecognition.cpp(206): warning C4244: 'initializing': conversion from 'float' to 'int', possible loss of data
e:\dropbox (asu)\unsharedprojects\hairswapping\hairswapping\hairswapping\facerecognition.cpp(208): warning C4244: 'initializing': conversion from 'float' to 'int', possible loss of data
e:\dropbox (asu)\unsharedprojects\hairswapping\hairswapping\hairswapping\facerecognition.cpp(209): warning C4244: 'initializing': conversion from 'float' to 'int', possible loss of data
  Generating Code...
opencv_highgui2413d.lib(opencv_highgui2413d.dll) : fatal error LNK1112: module machine type 'x64' conflicts with target machine type 'X86'
