e:\dropbox (asu)\projects\gitrepositories\hairswapping\hairswapping\hairswapping\x64\debug\vc141.pdb
e:\dropbox (asu)\projects\gitrepositories\hairswapping\hairswapping\hairswapping\x64\debug\vc141.idb
e:\dropbox (asu)\projects\gitrepositories\hairswapping\hairswapping\hairswapping\x64\debug\colorestimate.obj
e:\dropbox (asu)\projects\gitrepositories\hairswapping\hairswapping\hairswapping\x64\debug\face.obj
e:\dropbox (asu)\projects\gitrepositories\hairswapping\hairswapping\hairswapping\x64\debug\facerecognition.obj
e:\dropbox (asu)\projects\gitrepositories\hairswapping\hairswapping\hairswapping\x64\debug\globalmatting.obj
e:\dropbox (asu)\projects\gitrepositories\hairswapping\hairswapping\hairswapping\x64\debug\guidedfilter.obj
e:\dropbox (asu)\projects\gitrepositories\hairswapping\hairswapping\hairswapping\x64\debug\hairediting.obj
e:\dropbox (asu)\projects\gitrepositories\hairswapping\hairswapping\hairswapping\x64\debug\hairextraction.obj
e:\dropbox (asu)\projects\gitrepositories\hairswapping\hairswapping\hairswapping\x64\debug\hairswapping.obj
e:\dropbox (asu)\projects\gitrepositories\hairswapping\hairswapping\hairswapping\x64\debug\skinsynthesis.obj
e:\dropbox (asu)\projects\gitrepositories\hairswapping\hairswapping\hairswapping\x64\debug\ts.obj
e:\dropbox (asu)\projects\gitrepositories\hairswapping\hairswapping\hairswapping\x64\debug\hairswapping.ilk
e:\dropbox (asu)\projects\gitrepositories\hairswapping\hairswapping\hairswapping\x64\debug\hairswapping.exe
e:\dropbox (asu)\projects\gitrepositories\hairswapping\hairswapping\hairswapping\x64\debug\hairswapping.pdb
e:\dropbox (asu)\projects\gitrepositories\hairswapping\hairswapping\hairswapping\x64\debug\skinsynthesis.obj.enc
e:\dropbox (asu)\projects\gitrepositories\hairswapping\hairswapping\hairswapping\x64\debug\hairswapping.tlog\cl.command.1.tlog
e:\dropbox (asu)\projects\gitrepositories\hairswapping\hairswapping\hairswapping\x64\debug\hairswapping.tlog\cl.read.1.tlog
e:\dropbox (asu)\projects\gitrepositories\hairswapping\hairswapping\hairswapping\x64\debug\hairswapping.tlog\cl.write.1.tlog
e:\dropbox (asu)\projects\gitrepositories\hairswapping\hairswapping\hairswapping\x64\debug\hairswapping.tlog\link.command.1.tlog
e:\dropbox (asu)\projects\gitrepositories\hairswapping\hairswapping\hairswapping\x64\debug\hairswapping.tlog\link.read.1.tlog
e:\dropbox (asu)\projects\gitrepositories\hairswapping\hairswapping\hairswapping\x64\debug\hairswapping.tlog\link.write.1.tlog
