e:\dropbox (asu)\unsharedprojects\hairswapping\hairswapping\hairswapping\x64\debug\vc141.pdb
e:\dropbox (asu)\unsharedprojects\hairswapping\hairswapping\hairswapping\x64\debug\vc141.idb
e:\dropbox (asu)\unsharedprojects\hairswapping\hairswapping\hairswapping\x64\debug\facerecognition.obj
e:\dropbox (asu)\unsharedprojects\hairswapping\hairswapping\hairswapping\x64\debug\hairextraction.obj
e:\dropbox (asu)\unsharedprojects\hairswapping\hairswapping\hairswapping\x64\debug\hairswapping.obj
e:\dropbox (asu)\unsharedprojects\hairswapping\hairswapping\hairswapping\x64\debug\guidedfilter.obj
e:\dropbox (asu)\unsharedprojects\hairswapping\hairswapping\hairswapping\x64\debug\skinsynthesis.obj
e:\dropbox (asu)\unsharedprojects\hairswapping\hairswapping\hairswapping\x64\debug\hairediting.obj
e:\dropbox (asu)\unsharedprojects\hairswapping\hairswapping\hairswapping\x64\debug\misc.obj
e:\dropbox (asu)\unsharedprojects\hairswapping\hairswapping\hairswapping\x64\debug\cvaux.obj
e:\dropbox (asu)\unsharedprojects\hairswapping\hairswapping\hairswapping\x64\debug\cvblob.obj
e:\dropbox (asu)\unsharedprojects\hairswapping\hairswapping\hairswapping\x64\debug\cvcolor.obj
e:\dropbox (asu)\unsharedprojects\hairswapping\hairswapping\hairswapping\x64\debug\cvcontour.obj
e:\dropbox (asu)\unsharedprojects\hairswapping\hairswapping\hairswapping\x64\debug\cvlabel.obj
e:\dropbox (asu)\unsharedprojects\hairswapping\hairswapping\hairswapping\x64\debug\cvtrack.obj
e:\dropbox (asu)\projects\gitrepositories\hairswapping\hairswapping\hairswapping\x64\debug\vc141.pdb
e:\dropbox (asu)\projects\gitrepositories\hairswapping\hairswapping\hairswapping\x64\debug\vc141.idb
e:\dropbox (asu)\projects\gitrepositories\hairswapping\hairswapping\hairswapping\x64\debug\hatdesc.obj
e:\dropbox (asu)\projects\gitrepositories\hairswapping\hairswapping\hairswapping\x64\debug\landmarks.obj
e:\dropbox (asu)\projects\gitrepositories\hairswapping\hairswapping\hairswapping\x64\debug\misc.obj
e:\dropbox (asu)\projects\gitrepositories\hairswapping\hairswapping\hairswapping\x64\debug\facedet.obj
e:\dropbox (asu)\projects\gitrepositories\hairswapping\hairswapping\hairswapping\x64\debug\initasm.obj
e:\dropbox (asu)\projects\gitrepositories\hairswapping\hairswapping\hairswapping\x64\debug\pinstart.obj
e:\dropbox (asu)\projects\gitrepositories\hairswapping\hairswapping\hairswapping\x64\debug\print.obj
e:\dropbox (asu)\projects\gitrepositories\hairswapping\hairswapping\hairswapping\x64\debug\shape17.obj
e:\dropbox (asu)\projects\gitrepositories\hairswapping\hairswapping\hairswapping\x64\debug\shapehacks.obj
e:\dropbox (asu)\projects\gitrepositories\hairswapping\hairswapping\hairswapping\x64\debug\shapemod.obj
e:\dropbox (asu)\projects\gitrepositories\hairswapping\hairswapping\hairswapping\x64\debug\startshape.obj
e:\dropbox (asu)\projects\gitrepositories\hairswapping\hairswapping\hairswapping\x64\debug\stasm.obj
e:\dropbox (asu)\projects\gitrepositories\hairswapping\hairswapping\hairswapping\x64\debug\stasm_lib.obj
e:\dropbox (asu)\projects\gitrepositories\hairswapping\hairswapping\hairswapping\x64\debug\facerecognition.obj
e:\dropbox (asu)\projects\gitrepositories\hairswapping\hairswapping\hairswapping\x64\debug\globalmatting.obj
e:\dropbox (asu)\projects\gitrepositories\hairswapping\hairswapping\hairswapping\x64\debug\guidedfilter.obj
e:\dropbox (asu)\projects\gitrepositories\hairswapping\hairswapping\hairswapping\x64\debug\hairediting.obj
e:\dropbox (asu)\projects\gitrepositories\hairswapping\hairswapping\hairswapping\x64\debug\hairextraction.obj
e:\dropbox (asu)\projects\gitrepositories\hairswapping\hairswapping\hairswapping\x64\debug\hairswapping.obj
e:\dropbox (asu)\projects\gitrepositories\hairswapping\hairswapping\hairswapping\x64\debug\skinsynthesis.obj
e:\dropbox (asu)\projects\gitrepositories\hairswapping\hairswapping\hairswapping\x64\debug\asm.obj
e:\dropbox (asu)\projects\gitrepositories\hairswapping\hairswapping\hairswapping\x64\debug\classicdesc.obj
e:\dropbox (asu)\projects\gitrepositories\hairswapping\hairswapping\hairswapping\x64\debug\convshape.obj
e:\dropbox (asu)\projects\gitrepositories\hairswapping\hairswapping\hairswapping\x64\debug\err.obj
e:\dropbox (asu)\projects\gitrepositories\hairswapping\hairswapping\hairswapping\x64\debug\eyedet.obj
e:\dropbox (asu)\projects\gitrepositories\hairswapping\hairswapping\hairswapping\x64\debug\eyedist.obj
e:\dropbox (asu)\projects\gitrepositories\hairswapping\hairswapping\hairswapping\x64\debug\faceroi.obj
e:\dropbox (asu)\projects\gitrepositories\hairswapping\hairswapping\hairswapping\x64\debug\hat.obj
e:\dropbox (asu)\unsharedprojects\hairswapping\hairswapping\hairswapping\x64\debug\hairswapping.ilk
e:\dropbox (asu)\unsharedprojects\hairswapping\hairswapping\hairswapping\x64\debug\hairswapping.exe
e:\dropbox (asu)\unsharedprojects\hairswapping\hairswapping\hairswapping\x64\debug\hairswapping.pdb
e:\dropbox (asu)\projects\gitrepositories\hairswapping\hairswapping\hairswapping\x64\debug\hairswapping.ilk
e:\dropbox (asu)\projects\gitrepositories\hairswapping\hairswapping\hairswapping\x64\debug\hairswapping.exe
e:\dropbox (asu)\projects\gitrepositories\hairswapping\hairswapping\hairswapping\x64\debug\hairswapping.pdb
e:\dropbox (asu)\projects\gitrepositories\hairswapping\hairswapping\hairswapping\x64\debug\cvaux.obj
e:\dropbox (asu)\projects\gitrepositories\hairswapping\hairswapping\hairswapping\x64\debug\cvblob.obj
e:\dropbox (asu)\projects\gitrepositories\hairswapping\hairswapping\hairswapping\x64\debug\cvcolor.obj
e:\dropbox (asu)\projects\gitrepositories\hairswapping\hairswapping\hairswapping\x64\debug\cvcontour.obj
e:\dropbox (asu)\projects\gitrepositories\hairswapping\hairswapping\hairswapping\x64\debug\cvlabel.obj
e:\dropbox (asu)\projects\gitrepositories\hairswapping\hairswapping\hairswapping\x64\debug\cvtrack.obj
e:\dropbox (asu)\projects\gitrepositories\hairswapping\hairswapping\hairswapping\x64\debug\facerecognition.obj.enc
e:\dropbox (asu)\projects\gitrepositories\hairswapping\hairswapping\hairswapping\x64\debug\hairediting.obj.enc
e:\dropbox (asu)\projects\gitrepositories\hairswapping\hairswapping\hairswapping\x64\debug\hairextraction.obj.enc
e:\dropbox (asu)\projects\gitrepositories\hairswapping\hairswapping\hairswapping\x64\debug\hairswapping.obj.enc
e:\dropbox (asu)\projects\gitrepositories\hairswapping\hairswapping\hairswapping\x64\debug\hairswapping.tlog\cl.command.1.tlog
e:\dropbox (asu)\projects\gitrepositories\hairswapping\hairswapping\hairswapping\x64\debug\hairswapping.tlog\cl.read.1.tlog
e:\dropbox (asu)\projects\gitrepositories\hairswapping\hairswapping\hairswapping\x64\debug\hairswapping.tlog\cl.write.1.tlog
e:\dropbox (asu)\projects\gitrepositories\hairswapping\hairswapping\hairswapping\x64\debug\hairswapping.tlog\link.command.1.tlog
e:\dropbox (asu)\projects\gitrepositories\hairswapping\hairswapping\hairswapping\x64\debug\hairswapping.tlog\link.read.1.tlog
e:\dropbox (asu)\projects\gitrepositories\hairswapping\hairswapping\hairswapping\x64\debug\hairswapping.tlog\link.write.1.tlog
