e:\dropbox (asu)\unsharedprojects\hairswapping\stasm4.1.0\vc10\x64\debug\vc141.pdb
e:\dropbox (asu)\unsharedprojects\hairswapping\stasm4.1.0\vc10\x64\debug\vc141.idb
e:\dropbox (asu)\unsharedprojects\hairswapping\stasm4.1.0\vc10\x64\debug\classicdesc.obj
e:\dropbox (asu)\unsharedprojects\hairswapping\stasm4.1.0\vc10\x64\debug\convshape.obj
e:\dropbox (asu)\unsharedprojects\hairswapping\stasm4.1.0\vc10\x64\debug\err.obj
e:\dropbox (asu)\unsharedprojects\hairswapping\stasm4.1.0\vc10\x64\debug\eyedet.obj
e:\dropbox (asu)\unsharedprojects\hairswapping\stasm4.1.0\vc10\x64\debug\eyedist.obj
e:\dropbox (asu)\unsharedprojects\hairswapping\stasm4.1.0\vc10\x64\debug\faceroi.obj
e:\dropbox (asu)\unsharedprojects\hairswapping\stasm4.1.0\vc10\x64\debug\hat.obj
e:\dropbox (asu)\unsharedprojects\hairswapping\stasm4.1.0\vc10\x64\debug\hatdesc.obj
e:\dropbox (asu)\unsharedprojects\hairswapping\stasm4.1.0\vc10\x64\debug\landmarks.obj
e:\dropbox (asu)\unsharedprojects\hairswapping\stasm4.1.0\vc10\x64\debug\misc.obj
e:\dropbox (asu)\unsharedprojects\hairswapping\stasm4.1.0\vc10\x64\debug\facedet.obj
e:\dropbox (asu)\unsharedprojects\hairswapping\stasm4.1.0\vc10\x64\debug\initasm.obj
e:\dropbox (asu)\unsharedprojects\hairswapping\stasm4.1.0\vc10\x64\debug\pinstart.obj
e:\dropbox (asu)\unsharedprojects\hairswapping\stasm4.1.0\vc10\x64\debug\print.obj
e:\dropbox (asu)\unsharedprojects\hairswapping\stasm4.1.0\vc10\x64\debug\shape17.obj
e:\dropbox (asu)\unsharedprojects\hairswapping\stasm4.1.0\vc10\x64\debug\shapehacks.obj
e:\dropbox (asu)\unsharedprojects\hairswapping\stasm4.1.0\vc10\x64\debug\shapemod.obj
e:\dropbox (asu)\unsharedprojects\hairswapping\stasm4.1.0\vc10\x64\debug\startshape.obj
e:\dropbox (asu)\unsharedprojects\hairswapping\stasm4.1.0\vc10\x64\debug\stasm.obj
e:\dropbox (asu)\unsharedprojects\hairswapping\stasm4.1.0\vc10\x64\debug\stasm_lib.obj
e:\dropbox (asu)\unsharedprojects\hairswapping\stasm4.1.0\vc10\x64\debug\minimal.obj
e:\dropbox (asu)\unsharedprojects\hairswapping\stasm4.1.0\vc10\x64\debug\asm.obj
e:\dropbox (asu)\unsharedprojects\hairswapping\stasm4.1.0\vc10\x64\debug\minimal.pdb
e:\dropbox (asu)\unsharedprojects\hairswapping\stasm4.1.0\vc10\x64\debug\minimal.tlog\cl.command.1.tlog
e:\dropbox (asu)\unsharedprojects\hairswapping\stasm4.1.0\vc10\x64\debug\minimal.tlog\cl.read.1.tlog
e:\dropbox (asu)\unsharedprojects\hairswapping\stasm4.1.0\vc10\x64\debug\minimal.tlog\cl.write.1.tlog
e:\dropbox (asu)\unsharedprojects\hairswapping\stasm4.1.0\vc10\x64\debug\minimal.tlog\link.11864-cvtres.read.1.tlog
e:\dropbox (asu)\unsharedprojects\hairswapping\stasm4.1.0\vc10\x64\debug\minimal.tlog\link.11864-cvtres.write.1.tlog
e:\dropbox (asu)\unsharedprojects\hairswapping\stasm4.1.0\vc10\x64\debug\minimal.tlog\link.11864-rc.read.1.tlog
e:\dropbox (asu)\unsharedprojects\hairswapping\stasm4.1.0\vc10\x64\debug\minimal.tlog\link.11864-rc.write.1.tlog
e:\dropbox (asu)\unsharedprojects\hairswapping\stasm4.1.0\vc10\x64\debug\minimal.tlog\link.11864.read.1.tlog
e:\dropbox (asu)\unsharedprojects\hairswapping\stasm4.1.0\vc10\x64\debug\minimal.tlog\link.11864.write.1.tlog
e:\dropbox (asu)\unsharedprojects\hairswapping\stasm4.1.0\vc10\x64\debug\minimal.tlog\link.command.1.tlog
e:\dropbox (asu)\unsharedprojects\hairswapping\stasm4.1.0\vc10\x64\debug\minimal.tlog\link.read.1.tlog
e:\dropbox (asu)\unsharedprojects\hairswapping\stasm4.1.0\vc10\x64\debug\minimal.tlog\link.write.1.tlog
