e:\dropbox (asu)\unsharedprojects\hairswapping\stasm4.1.0\vc10\debug\vc141.pdb
e:\dropbox (asu)\unsharedprojects\hairswapping\stasm4.1.0\vc10\debug\vc141.idb
e:\dropbox (asu)\unsharedprojects\hairswapping\stasm4.1.0\vc10\debug\classicdesc.obj
e:\dropbox (asu)\unsharedprojects\hairswapping\stasm4.1.0\vc10\debug\convshape.obj
e:\dropbox (asu)\unsharedprojects\hairswapping\stasm4.1.0\vc10\debug\err.obj
e:\dropbox (asu)\unsharedprojects\hairswapping\stasm4.1.0\vc10\debug\eyedet.obj
e:\dropbox (asu)\unsharedprojects\hairswapping\stasm4.1.0\vc10\debug\eyedist.obj
e:\dropbox (asu)\unsharedprojects\hairswapping\stasm4.1.0\vc10\debug\faceroi.obj
e:\dropbox (asu)\unsharedprojects\hairswapping\stasm4.1.0\vc10\debug\hat.obj
e:\dropbox (asu)\unsharedprojects\hairswapping\stasm4.1.0\vc10\debug\landmarks.obj
e:\dropbox (asu)\unsharedprojects\hairswapping\stasm4.1.0\vc10\debug\misc.obj
e:\dropbox (asu)\unsharedprojects\hairswapping\stasm4.1.0\vc10\debug\facedet.obj
e:\dropbox (asu)\unsharedprojects\hairswapping\stasm4.1.0\vc10\debug\initasm.obj
e:\dropbox (asu)\unsharedprojects\hairswapping\stasm4.1.0\vc10\debug\pinstart.obj
e:\dropbox (asu)\unsharedprojects\hairswapping\stasm4.1.0\vc10\debug\print.obj
e:\dropbox (asu)\unsharedprojects\hairswapping\stasm4.1.0\vc10\debug\shape17.obj
e:\dropbox (asu)\unsharedprojects\hairswapping\stasm4.1.0\vc10\debug\shapehacks.obj
e:\dropbox (asu)\unsharedprojects\hairswapping\stasm4.1.0\vc10\debug\shapemod.obj
e:\dropbox (asu)\unsharedprojects\hairswapping\stasm4.1.0\vc10\debug\startshape.obj
e:\dropbox (asu)\unsharedprojects\hairswapping\stasm4.1.0\vc10\debug\stasm.obj
e:\dropbox (asu)\unsharedprojects\hairswapping\stasm4.1.0\vc10\debug\stasm_lib.obj
e:\dropbox (asu)\unsharedprojects\hairswapping\stasm4.1.0\vc10\debug\minimal.obj
e:\dropbox (asu)\unsharedprojects\hairswapping\stasm4.1.0\vc10\debug\asm.obj
e:\dropbox (asu)\unsharedprojects\hairswapping\stasm4.1.0\vc10\debug\minimal.tlog\cl.command.1.tlog
e:\dropbox (asu)\unsharedprojects\hairswapping\stasm4.1.0\vc10\debug\minimal.tlog\cl.read.1.tlog
e:\dropbox (asu)\unsharedprojects\hairswapping\stasm4.1.0\vc10\debug\minimal.tlog\cl.write.1.tlog
