  stasmMain.cpp
e:\dropbox (asu)\projects\gitrepositories\hairswapping\hairswapping\stasmproject\stasmmain.cpp(41): warning C4477: 'printf' : format string '%s' requires an argument of type 'char *', but variadic argument 1 has type 'cv::Mat_<uchar>'
  stasm_lib.cpp
  stasm.cpp
  startshape.cpp
  shapemod.cpp
  shapehacks.cpp
  shape17.cpp
  print.cpp
  pinstart.cpp
  misc.cpp
  landmarks.cpp
  hatdesc.cpp
  hat.cpp
  faceroi.cpp
  eyedist.cpp
  eyedet.cpp
  err.cpp
  convshape.cpp
  classicdesc.cpp
  asm.cpp
  Generating Code...
  Compiling...
  initasm.cpp
  facedet.cpp
  Generating Code...
opencv_imgproc2413d.lib(opencv_imgproc2413d.dll) : fatal error LNK1112: module machine type 'x64' conflicts with target machine type 'X86'
